<?xml version="1.0" encoding="UTF-8"?>
<!-- Generated by org.testng.reporters.JUnitXMLReporter -->
<testsuite ignored="0" hostname="LAPTOP-3PKIGPSN" failures="1" tests="8" name="Test" time="259.012" errors="0" timestamp="2023-06-29T09:41:04 IST">
  <testcase classname="V_tiger.TC_01" name="createOraganization" time="16.278"/>
  <testcase classname="V_tiger.TC_02" name="createOrgWithTypeAndIndustry" time="9.317"/>
  <testcase classname="V_tiger.TC_03" name="createContact" time="32.87"/>
  <testcase classname="V_tiger.TC_04" name="createContactWithOrgName" time="28.696"/>
  <testcase classname="V_tiger.TC_05" name="createLeadsWithMandatoryTF" time="22.798"/>
  <testcase classname="V_tiger.TC_05" name="createLeadsWithMandatoryTF" time="16.738"/>
  <testcase classname="V_tiger.TC_07" name="dataProviders" time="19.976"/>
  <testcase classname="V_tiger.TC_08" name="createDuplicateAndDeleteLeads" time="15.143">
    <failure type="java.lang.AssertionError" message="expected [true] but found [false]">
      <![CDATA[java.lang.AssertionError: expected [true] but found [false]
at V_tiger.TC_08.createDuplicateAndDeleteLeads(TC_08.java:28)
at java.base/java.util.ArrayList.forEach(ArrayList.java:1511)
... Removed 33 stack frames]]>
    </failure>
  </testcase> <!-- createDuplicateAndDeleteLeads -->
</testsuite> <!-- Test -->
